<?xml version="1.0" encoding="UTF-8"?>
<!-- Generated by org.testng.reporters.JUnitReportReporter -->
<testsuite skipped="0" hostname="DESKTOP-K2TM155" name="com.lead.Selenium.utils.DriverManagerUtils" tests="1" failures="0" timestamp="2020-04-10T01:37:52 EDT" time="0.012" errors="0">
  <testcase name="DriverExecutionText" time="0.012" classname="com.lead.Selenium.utils.DriverManagerUtils"/>
  <system-out/>
</testsuite> <!-- com.lead.Selenium.utils.DriverManagerUtils -->
