<?xml version="1.0" encoding="UTF-8"?>
<!-- Generated by org.testng.reporters.JUnitReportReporter -->
<testsuite skipped="0" hostname="DESKTOP-K2TM155" name="com.lead.Selenium.Test.LoginTest" tests="2" failures="0" timestamp="2020-04-10T01:42:25 EDT" time="13.290" errors="0">
  <testcase name="VerifyloginpageTitle" time="7.379" classname="com.lead.Selenium.Test.LoginTest"/>
  <system-out/>
  <testcase name="loginTest" time="5.911" classname="com.lead.Selenium.Test.LoginTest"/>
  <system-out/>
</testsuite> <!-- com.lead.Selenium.Test.LoginTest -->
